Sensitivity: 31 unique configs
Done in 61.5s

Default VFS=0.7653  MPKI=6.198  E=1542

[NUMG sweep]
  NUMG=   4  MPKI=6.993  E=   920  P2lat=2  VFS=0.7616
  NUMG=   6  MPKI=6.260  E=  1201  P2lat=2  VFS=0.7706
  NUMG=   8  MPKI=6.198  E=  1542  P2lat=2  VFS=0.7653
  NUMG=  10  MPKI=6.261  E=  1739  P2lat=2  VFS=0.7600
  NUMG=  12  MPKI=6.266  E=  2102  P2lat=3  VFS=0.7225
  NUMG=  14  MPKI=6.343  E=  2680  P2lat=3  VFS=0.7122

[LOGG sweep]
  LOGG=   9  MPKI=6.492  E=  1086  P2lat=2  VFS=0.7677
  LOGG=  10  MPKI=6.308  E=  1341  P2lat=2  VFS=0.7669
  LOGG=  11  MPKI=6.198  E=  1542  P2lat=2  VFS=0.7653
  LOGG=  12  MPKI=6.173  E=  1705  P2lat=3  VFS=0.7311
  LOGG=  13  MPKI=6.033  E=  2160  P2lat=3  VFS=0.7277
  LOGG=  14  MPKI=6.456  E=  2571  P2lat=3  VFS=0.7111

[LOGB sweep]
  LOGB=   9  MPKI=6.196  E=  1448  P2lat=2  VFS=0.7672
  LOGB=  10  MPKI=6.281  E=  1459  P2lat=2  VFS=0.7644
  LOGB=  11  MPKI=6.128  E=  1508  P2lat=2  VFS=0.7675
  LOGB=  12  MPKI=6.198  E=  1542  P2lat=2  VFS=0.7653
  LOGB=  13  MPKI=6.261  E=  1535  P2lat=2  VFS=0.7638
  LOGB=  14  MPKI=6.143  E=  1665  P2lat=2  VFS=0.7643

[TAGW sweep]
  TAGW=   7  MPKI=13.745  E=  1533  P2lat=2  VFS=0.6276
  TAGW=   9  MPKI=14.639  E=  1516  P2lat=2  VFS=0.6179
  TAGW=  11  MPKI=6.198  E=  1542  P2lat=2  VFS=0.7653
  TAGW=  13  MPKI=6.133  E=  1751  P2lat=3  VFS=0.7318
  TAGW=  15  MPKI=7.400  E=  1839  P2lat=3  VFS=0.7006

[GHIST sweep]
  GHIST=  20  MPKI=8.439  E=  1541  P2lat=2  VFS=0.7242
  GHIST=  50  MPKI=6.778  E=  1540  P2lat=2  VFS=0.7538
  GHIST= 100  MPKI=6.198  E=  1542  P2lat=2  VFS=0.7653
  GHIST= 150  MPKI=6.023  E=  1549  P2lat=2  VFS=0.7701
  GHIST= 200  MPKI=6.204  E=  1556  P2lat=2  VFS=0.7656
  GHIST= 300  MPKI=6.471  E=  1568  P2lat=2  VFS=0.7604

[LOGP1 sweep]
  LOGP1=  10  MPKI=6.158  E=  1215  P2lat=2  VFS=0.7687
  LOGP1=  12  MPKI=6.242  E=  1259  P2lat=2  VFS=0.7684
  LOGP1=  14  MPKI=6.198  E=  1542  P2lat=2  VFS=0.7653
  LOGP1=  16  MPKI=6.136  E=  1955  P2lat=2  VFS=0.5201

[GHIST1 sweep]
  GHIST1=   4  MPKI=6.265  E=  1543  P2lat=2  VFS=0.7593
  GHIST1=   6  MPKI=6.198  E=  1542  P2lat=2  VFS=0.7653
  GHIST1=   8  MPKI=6.158  E=  1543  P2lat=2  VFS=0.7731
  GHIST1=  12  MPKI=6.185  E=  1543  P2lat=2  VFS=0.7759
